<?xml version="1.0" encoding="UTF-8"?>
<!-- Generated by org.testng.reporters.JUnitReportReporter -->
<testsuite hostname="hui-PC" name="yss.acs.ui.test.testcases.ProductExtends" tests="1" failures="0" timestamp="4 Aug 2017 05:27:43 GMT" time="21.762" errors="0">
  <testcase name="productExtends" time="21.762" classname="yss.acs.ui.test.testcases.ProductExtends"/>
</testsuite> <!-- yss.acs.ui.test.testcases.ProductExtends -->
