<?xml version="1.0" encoding="UTF-8"?>
<!-- Generated by org.testng.reporters.JUnitReportReporter -->
<testsuite hostname="hui-PC" name="yss.acs.ui.test.testcases.HeSuanChuLi_027" tests="1" failures="0" timestamp="12 Sep 2017 10:59:46 GMT" time="53.763" errors="0">
  <testcase name="HeSuanChuLi" time="53.763" classname="yss.acs.ui.test.testcases.HeSuanChuLi_027"/>
</testsuite> <!-- yss.acs.ui.test.testcases.HeSuanChuLi_027 -->
