<?xml version="1.0" encoding="UTF-8"?>
<!-- Generated by org.testng.reporters.JUnitReportReporter -->
<testsuite hostname="hui-PC" name="yss.acs.ui.test.testcases.BuyBackDeal_019" tests="1" failures="0" timestamp="3 Aug 2017 07:13:32 GMT" time="28.268" errors="0">
  <testcase name="buyBackDeal" time="28.268" classname="yss.acs.ui.test.testcases.BuyBackDeal_019"/>
</testsuite> <!-- yss.acs.ui.test.testcases.BuyBackDeal_019 -->
