<?xml version="1.0" encoding="UTF-8"?>
<!-- Generated by org.testng.reporters.JUnitReportReporter -->
<testsuite hostname="hui-PC" name="yss.acs.ui.test.testcases.ProductBasic_001" tests="1" failures="0" timestamp="24 Aug 2017 03:25:39 GMT" time="35.020" errors="0">
  <testcase name="productDasic" time="35.020" classname="yss.acs.ui.test.testcases.ProductBasic_001"/>
</testsuite> <!-- yss.acs.ui.test.testcases.ProductBasic_001 -->
