<?xml version="1.0" encoding="UTF-8"?>
<!-- Generated by org.testng.reporters.JUnitReportReporter -->
<testsuite hostname="hui-PC" name="yss.acs.ui.test.testcases.ChangNeiZhengQuan_019" tests="1" failures="0" timestamp="23 Aug 2017 03:24:10 GMT" time="61.136" errors="0">
  <testcase name="CNZQ" time="61.136" classname="yss.acs.ui.test.testcases.ChangNeiZhengQuan_019"/>
</testsuite> <!-- yss.acs.ui.test.testcases.ChangNeiZhengQuan_019 -->
