<?xml version="1.0" encoding="UTF-8"?>
<!-- Generated by org.testng.reporters.JUnitReportReporter -->
<testsuite hostname="hui-PC" name="yss.acs.ui.test.testcases.PublicBonds_016" tests="1" failures="0" timestamp="15 Sep 2017 07:19:44 GMT" time="85.906" errors="0">
  <testcase name="publicBonds" time="85.906" classname="yss.acs.ui.test.testcases.PublicBonds_016"/>
</testsuite> <!-- yss.acs.ui.test.testcases.PublicBonds_016 -->
