<?xml version="1.0" encoding="UTF-8"?>
<!-- Generated by org.testng.reporters.JUnitReportReporter -->
<testsuite hostname="hui-PC" name="yss.acs.ui.test.testcases.ProductExtends_002" tests="1" failures="0" timestamp="22 Sep 2017 02:31:21 GMT" time="55.765" errors="0">
  <testcase name="productExtends" time="55.765" classname="yss.acs.ui.test.testcases.ProductExtends_002"/>
</testsuite> <!-- yss.acs.ui.test.testcases.ProductExtends_002 -->
