<?xml version="1.0" encoding="UTF-8"?>
<!-- Generated by org.testng.reporters.JUnitReportReporter -->
<testsuite hostname="hui-PC" name="yss.acs.ui.test.testcases.DataChange_018" tests="1" failures="0" timestamp="23 Aug 2017 03:24:10 GMT" time="38.964" errors="0">
  <testcase name="DC" time="38.964" classname="yss.acs.ui.test.testcases.DataChange_018"/>
</testsuite> <!-- yss.acs.ui.test.testcases.DataChange_018 -->
