<?xml version="1.0" encoding="UTF-8"?>
<!-- Generated by org.testng.reporters.JUnitReportReporter -->
<testsuite hostname="hui-PC" name="yss.acs.ui.test.testcases.ProductAssor_011" tests="1" failures="0" timestamp="23 Aug 2017 03:24:10 GMT" time="44.376" errors="0">
  <testcase name="productAssor" time="44.376" classname="yss.acs.ui.test.testcases.ProductAssor_011"/>
</testsuite> <!-- yss.acs.ui.test.testcases.ProductAssor_011 -->
