<?xml version="1.0" encoding="UTF-8"?>
<!-- Generated by org.testng.reporters.JUnitReportReporter -->
<testsuite hostname="hui-PC" name="yss.acs.ui.test.testcases.ChangNeiZhengQuan" tests="1" failures="0" timestamp="2 Aug 2017 12:51:07 GMT" time="21.288" errors="0">
  <testcase name="CNZQ" time="21.288" classname="yss.acs.ui.test.testcases.ChangNeiZhengQuan"/>
</testsuite> <!-- yss.acs.ui.test.testcases.ChangNeiZhengQuan -->
