<?xml version="1.0" encoding="UTF-8"?>
<!-- Generated by org.testng.reporters.JUnitReportReporter -->
<testsuite hostname="hui-PC" name="yss.acs.ui.test.testcases.test$DataChangeTestcases" tests="1" failures="0" timestamp="1 Aug 2017 03:27:21 GMT" time="20.342" errors="0">
  <testcase name="DC" time="20.342" classname="yss.acs.ui.test.testcases.test$DataChangeTestcases"/>
</testsuite> <!-- yss.acs.ui.test.testcases.test$DataChangeTestcases -->
