<?xml version="1.0" encoding="UTF-8"?>
<!-- Generated by org.testng.reporters.JUnitReportReporter -->
<testsuite hostname="hui-PC" name="yss.acs.ui.test.testcases.SecurAccoInfManagement_006" tests="1" failures="0" timestamp="23 Aug 2017 03:24:10 GMT" time="39.615" errors="0">
  <testcase name="SecurAccoInfoManagement" time="39.615" classname="yss.acs.ui.test.testcases.SecurAccoInfManagement_006"/>
</testsuite> <!-- yss.acs.ui.test.testcases.SecurAccoInfManagement_006 -->
