<?xml version="1.0" encoding="UTF-8"?>
<!-- Generated by org.testng.reporters.JUnitReportReporter -->
<testsuite hostname="hui-PC" name="yss.acs.ui.test.testcases.zhengQuanZhuanHuan_023" tests="1" failures="0" timestamp="23 Aug 2017 03:24:10 GMT" time="159.475" errors="0">
  <testcase name="zhengQuanZhuanHuan" time="159.475" classname="yss.acs.ui.test.testcases.zhengQuanZhuanHuan_023"/>
</testsuite> <!-- yss.acs.ui.test.testcases.zhengQuanZhuanHuan_023 -->
