<?xml version="1.0" encoding="UTF-8"?>
<!-- Generated by org.testng.reporters.JUnitReportReporter -->
<testsuite hostname="hui-PC" name="yss.acs.ui.test.testcases.ZiChanYuEBiao_026" tests="1" failures="0" timestamp="23 Aug 2017 03:24:10 GMT" time="57.342" errors="0">
  <testcase name="ziChanYuEBiao" time="57.342" classname="yss.acs.ui.test.testcases.ZiChanYuEBiao_026"/>
</testsuite> <!-- yss.acs.ui.test.testcases.ZiChanYuEBiao_026 -->
